{"name": "После оформления заказа его номер появляется в разделе В работе", "status": "broken", "statusDetails": {"message": "selenium.common.exceptions.TimeoutException: Message: \nStacktrace:\nRemoteError@chrome://remote/content/shared/RemoteError.sys.mjs:8:8\nWebDriverError@chrome://remote/content/shared/webdriver/Errors.sys.mjs:193:5\nNoSuchElementError@chrome://remote/content/shared/webdriver/Errors.sys.mjs:511:5\ndom.find/</<@chrome://remote/content/shared/DOM.sys.mjs:136:16", "trace": "self = <tests.test_order_feed.TestFeedOrder object at 0x00000205CCBD3F80>\ndriver = <selenium.webdriver.firefox.webdriver.WebDriver (session=\"35ebb13d-d171-46d3-9143-703d32d899e2\")>\n\n    @allure.title(\"После оформления заказа его номер появляется в разделе В работе\")\n    @allure.description(\"Корректное отображение оформленного заказа\")\n    def test_order_number_in_progress(self, driver):\n        feed_order = FeedOrderPage(driver)\n        feed_order.open_main_page()\n        feed_order.wait_for_invisibility_preloader()\n        feed_order.click_user_profile()\n        feed_order.user_login()\n        feed_order.drag_element_and_drop(Locators.CRATOR_BUN, Locators.TARGET_BASKET)\n        feed_order.click_create_order()\n        feed_order.close_order()\n        feed_order.click_order_feed()\n>       feed_order.wait_order_in_progress()\n\ntests\\test_order_feed.py:90: \n_ _ _ _ _ _ _ _ _ _ _ _ _ _ _ _ _ _ _ _ _ _ _ _ _ _ _ _ _ _ _ _ _ _ _ _ _ _ _ _ _ _ _ _ _ _ _ _ _ _ _ _ _ _ _ _ _ _ _ _ _ _ _ _ _ _ _ _ _ _ _ _ _ _\npages\\order_feed_page.py:94: in wait_order_in_progress\n    self.wait_until_clickable(Locators.ORDER_IN_PROGRESS)\npages\\base_page.py:50: in wait_until_clickable\n    WebDriverWait(self.driver, 30).until(EC.element_to_be_clickable(locator))\n_ _ _ _ _ _ _ _ _ _ _ _ _ _ _ _ _ _ _ _ _ _ _ _ _ _ _ _ _ _ _ _ _ _ _ _ _ _ _ _ _ _ _ _ _ _ _ _ _ _ _ _ _ _ _ _ _ _ _ _ _ _ _ _ _ _ _ _ _ _ _ _ _ _\n\nself = <selenium.webdriver.support.wait.WebDriverWait (session=\"35ebb13d-d171-46d3-9143-703d32d899e2\")>\nmethod = <function element_to_be_clickable.<locals>._predicate at 0x00000205CCC17D80>, message = ''\n\n    def until(self, method: Callable[[D], Union[Literal[False], T]], message: str = \"\") -> T:\n        \"\"\"Calls the method provided with the driver as an argument until the \\\n        return value does not evaluate to ``False``.\n    \n        :param method: callable(WebDriver)\n        :param message: optional message for :exc:`TimeoutException`\n        :returns: the result of the last call to `method`\n        :raises: :exc:`selenium.common.exceptions.TimeoutException` if timeout occurs\n        \"\"\"\n        screen = None\n        stacktrace = None\n    \n        end_time = time.monotonic() + self._timeout\n        while True:\n            try:\n                value = method(self._driver)\n                if value:\n                    return value\n            except self._ignored_exceptions as exc:\n                screen = getattr(exc, \"screen\", None)\n                stacktrace = getattr(exc, \"stacktrace\", None)\n            time.sleep(self._poll)\n            if time.monotonic() > end_time:\n                break\n>       raise TimeoutException(message, screen, stacktrace)\nE       selenium.common.exceptions.TimeoutException: Message: \nE       Stacktrace:\nE       RemoteError@chrome://remote/content/shared/RemoteError.sys.mjs:8:8\nE       WebDriverError@chrome://remote/content/shared/webdriver/Errors.sys.mjs:193:5\nE       NoSuchElementError@chrome://remote/content/shared/webdriver/Errors.sys.mjs:511:5\nE       dom.find/</<@chrome://remote/content/shared/DOM.sys.mjs:136:16\n\n.venv\\Lib\\site-packages\\selenium\\webdriver\\support\\wait.py:105: TimeoutException"}, "description": "Корректное отображение оформленного заказа", "steps": [{"name": "Открыть главную страницу", "status": "passed", "start": 1719527638889, "stop": 1719527639116}, {"name": "Ожидание скрытия элемента", "status": "passed", "start": 1719527639116, "stop": 1719527639669}, {"name": "Кликнуть ЛК", "status": "passed", "start": 1719527639669, "stop": 1719527639936}, {"name": "Логин пользователя", "status": "passed", "start": 1719527639936, "stop": 1719527640586}, {"name": "Перетащить элемент - корзина", "status": "passed", "parameters": [{"name": "source_locator", "value": "('xpath', \"//img[@alt='Краторная булка N-200i']\")"}, {"name": "target_locator", "value": "('xpath', '//div/main/section[2]/ul/li[1]')"}], "start": 1719527640586, "stop": 1719527641142}, {"name": "Кликнуть Создать заказ", "status": "passed", "start": 1719527641143, "stop": 1719527641368}, {"name": "Закрыть заказ", "status": "passed", "start": 1719527641368, "stop": 1719527641591}, {"name": "Кликнуть Лента заказов", "status": "passed", "start": 1719527641591, "stop": 1719527641809}, {"name": "Ожидание статуса 'в работе'", "status": "broken", "statusDetails": {"message": "selenium.common.exceptions.TimeoutException: Message: \nStacktrace:\nRemoteError@chrome://remote/content/shared/RemoteError.sys.mjs:8:8\nWebDriverError@chrome://remote/content/shared/webdriver/Errors.sys.mjs:193:5\nNoSuchElementError@chrome://remote/content/shared/webdriver/Errors.sys.mjs:511:5\ndom.find/</<@chrome://remote/content/shared/DOM.sys.mjs:136:16\n\n", "trace": "  File \"C:\\Users\\olesya.l\\PycharmProjects\\Diplom_Olesia_Lisichnikova_8\\Diplom_3\\.venv\\Lib\\site-packages\\allure_commons\\_allure.py\", line 192, in impl\n    return func(*a, **kw)\n           ^^^^^^^^^^^^^^\n  File \"C:\\Users\\olesya.l\\PycharmProjects\\Diplom_Olesia_Lisichnikova_8\\Diplom_3\\pages\\order_feed_page.py\", line 94, in wait_order_in_progress\n    self.wait_until_clickable(Locators.ORDER_IN_PROGRESS)\n  File \"C:\\Users\\olesya.l\\PycharmProjects\\Diplom_Olesia_Lisichnikova_8\\Diplom_3\\pages\\base_page.py\", line 50, in wait_until_clickable\n    WebDriverWait(self.driver, 30).until(EC.element_to_be_clickable(locator))\n  File \"C:\\Users\\olesya.l\\PycharmProjects\\Diplom_Olesia_Lisichnikova_8\\Diplom_3\\.venv\\Lib\\site-packages\\selenium\\webdriver\\support\\wait.py\", line 105, in until\n    raise TimeoutException(message, screen, stacktrace)\n"}, "start": 1719527641809, "stop": 1719527672089}], "parameters": [{"name": "driver", "value": "'Firefox'"}], "start": 1719527638888, "stop": 1719527672090, "uuid": "38311d23-c9f1-47d5-961c-69b6d153d507", "historyId": "7b28451208be931a871c339d2963bc32", "testCaseId": "1b30d4b03445f1f02164cc17ddcb8496", "fullName": "tests.test_order_feed.TestFeedOrder#test_order_number_in_progress", "labels": [{"name": "parentSuite", "value": "tests"}, {"name": "suite", "value": "test_order_feed"}, {"name": "subSuite", "value": "TestFeedOrder"}, {"name": "host", "value": "LAP-BONKOVSKI"}, {"name": "thread", "value": "24124-MainThread"}, {"name": "framework", "value": "pytest"}, {"name": "language", "value": "cpython3"}, {"name": "package", "value": "tests.test_order_feed"}]}