{"name": "Заказы пользователя из раздела «История заказов» отображаются на странице «Лента заказов»", "status": "broken", "statusDetails": {"message": "selenium.common.exceptions.TimeoutException: Message: \nStacktrace:\nRemoteError@chrome://remote/content/shared/RemoteError.sys.mjs:8:8\nWebDriverError@chrome://remote/content/shared/webdriver/Errors.sys.mjs:193:5\nNoSuchElementError@chrome://remote/content/shared/webdriver/Errors.sys.mjs:511:5\ndom.find/</<@chrome://remote/content/shared/DOM.sys.mjs:136:16", "trace": "self = <tests.test_order_feed.TestFeedOrder object at 0x00000205CCBFC110>\ndriver = <selenium.webdriver.firefox.webdriver.WebDriver (session=\"6dbb61d2-a0b0-448e-b569-baa6f3bfb7dc\")>\n\n    @allure.title(\"Заказы пользователя из раздела «История заказов» отображаются на странице «Лента заказов»\")\n    @allure.description(\"Корректное отображение заказов\")\n    def test_user_orders_history_on_order_feed(self, driver):\n        feed_order = FeedOrderPage(driver)\n        feed_order.open_main_page()\n        feed_order.wait_for_invisibility_preloader()\n        feed_order.click_user_profile()\n        feed_order.user_login()\n        feed_order.wait_for_invisibility_preloader()\n        feed_order.drag_element_and_drop(Locators.CRATOR_BUN, Locators.TARGET_BASKET)\n        feed_order.click_create_order()\n        feed_order.close_order()\n        feed_order.wait_for_invisibility_element_close_order()\n        feed_order.click_user_profile()\n        feed_order.wait_for_invisibility_element_order()\n        feed_order.click_order_history()\n>       number_history = feed_order.get_order_number_history()\n\ntests\\test_order_feed.py:32: \n_ _ _ _ _ _ _ _ _ _ _ _ _ _ _ _ _ _ _ _ _ _ _ _ _ _ _ _ _ _ _ _ _ _ _ _ _ _ _ _ _ _ _ _ _ _ _ _ _ _ _ _ _ _ _ _ _ _ _ _ _ _ _ _ _ _ _ _ _ _ _ _ _ _\npages\\order_feed_page.py:71: in get_order_number_history\n    element = self.find_element(Locators.ORDER_NUMBER_HISTORY).text\npages\\base_page.py:14: in find_element\n    return WebDriverWait(self.driver, time).until(EC.presence_of_element_located(locator))\n_ _ _ _ _ _ _ _ _ _ _ _ _ _ _ _ _ _ _ _ _ _ _ _ _ _ _ _ _ _ _ _ _ _ _ _ _ _ _ _ _ _ _ _ _ _ _ _ _ _ _ _ _ _ _ _ _ _ _ _ _ _ _ _ _ _ _ _ _ _ _ _ _ _\n\nself = <selenium.webdriver.support.wait.WebDriverWait (session=\"6dbb61d2-a0b0-448e-b569-baa6f3bfb7dc\")>\nmethod = <function presence_of_element_located.<locals>._predicate at 0x00000205CCC17B00>, message = ''\n\n    def until(self, method: Callable[[D], Union[Literal[False], T]], message: str = \"\") -> T:\n        \"\"\"Calls the method provided with the driver as an argument until the \\\n        return value does not evaluate to ``False``.\n    \n        :param method: callable(WebDriver)\n        :param message: optional message for :exc:`TimeoutException`\n        :returns: the result of the last call to `method`\n        :raises: :exc:`selenium.common.exceptions.TimeoutException` if timeout occurs\n        \"\"\"\n        screen = None\n        stacktrace = None\n    \n        end_time = time.monotonic() + self._timeout\n        while True:\n            try:\n                value = method(self._driver)\n                if value:\n                    return value\n            except self._ignored_exceptions as exc:\n                screen = getattr(exc, \"screen\", None)\n                stacktrace = getattr(exc, \"stacktrace\", None)\n            time.sleep(self._poll)\n            if time.monotonic() > end_time:\n                break\n>       raise TimeoutException(message, screen, stacktrace)\nE       selenium.common.exceptions.TimeoutException: Message: \nE       Stacktrace:\nE       RemoteError@chrome://remote/content/shared/RemoteError.sys.mjs:8:8\nE       WebDriverError@chrome://remote/content/shared/webdriver/Errors.sys.mjs:193:5\nE       NoSuchElementError@chrome://remote/content/shared/webdriver/Errors.sys.mjs:511:5\nE       dom.find/</<@chrome://remote/content/shared/DOM.sys.mjs:136:16\n\n.venv\\Lib\\site-packages\\selenium\\webdriver\\support\\wait.py:105: TimeoutException"}, "description": "Корректное отображение заказов", "steps": [{"name": "Открыть главную страницу", "status": "passed", "start": 1719527515934, "stop": 1719527516106}, {"name": "Ожидание скрытия элемента", "status": "passed", "start": 1719527516106, "stop": 1719527516648}, {"name": "Кликнуть ЛК", "status": "passed", "start": 1719527516649, "stop": 1719527516913}, {"name": "Логин пользователя", "status": "passed", "start": 1719527516913, "stop": 1719527517638}, {"name": "Ожидание скрытия элемента", "status": "passed", "start": 1719527517638, "stop": 1719527518161}, {"name": "Перетащить элемент - корзина", "status": "passed", "parameters": [{"name": "source_locator", "value": "('xpath', \"//img[@alt='Краторная булка N-200i']\")"}, {"name": "target_locator", "value": "('xpath', '//div/main/section[2]/ul/li[1]')"}], "start": 1719527518162, "stop": 1719527518681}, {"name": "Кликнуть Создать заказ", "status": "passed", "start": 1719527518681, "stop": 1719527518904}, {"name": "Закрыть заказ", "status": "passed", "start": 1719527518904, "stop": 1719527519120}, {"name": "Ожидание элемента - скрыть заказ", "status": "passed", "start": 1719527519120, "stop": 1719527519639}, {"name": "Кликнуть ЛК", "status": "passed", "start": 1719527519640, "stop": 1719527519855}, {"name": "Кликнуть Историю заказов", "status": "passed", "start": 1719527519863, "stop": 1719527519897}, {"name": "Получить число в Истории заказов", "status": "broken", "statusDetails": {"message": "selenium.common.exceptions.TimeoutException: Message: \nStacktrace:\nRemoteError@chrome://remote/content/shared/RemoteError.sys.mjs:8:8\nWebDriverError@chrome://remote/content/shared/webdriver/Errors.sys.mjs:193:5\nNoSuchElementError@chrome://remote/content/shared/webdriver/Errors.sys.mjs:511:5\ndom.find/</<@chrome://remote/content/shared/DOM.sys.mjs:136:16\n\n", "trace": "  File \"C:\\Users\\olesya.l\\PycharmProjects\\Diplom_Olesia_Lisichnikova_8\\Diplom_3\\.venv\\Lib\\site-packages\\allure_commons\\_allure.py\", line 192, in impl\n    return func(*a, **kw)\n           ^^^^^^^^^^^^^^\n  File \"C:\\Users\\olesya.l\\PycharmProjects\\Diplom_Olesia_Lisichnikova_8\\Diplom_3\\pages\\order_feed_page.py\", line 71, in get_order_number_history\n    element = self.find_element(Locators.ORDER_NUMBER_HISTORY).text\n              ^^^^^^^^^^^^^^^^^^^^^^^^^^^^^^^^^^^^^^^^^^^^^^^^\n  File \"C:\\Users\\olesya.l\\PycharmProjects\\Diplom_Olesia_Lisichnikova_8\\Diplom_3\\pages\\base_page.py\", line 14, in find_element\n    return WebDriverWait(self.driver, time).until(EC.presence_of_element_located(locator))\n           ^^^^^^^^^^^^^^^^^^^^^^^^^^^^^^^^^^^^^^^^^^^^^^^^^^^^^^^^^^^^^^^^^^^^^^^^^^^^^^^\n  File \"C:\\Users\\olesya.l\\PycharmProjects\\Diplom_Olesia_Lisichnikova_8\\Diplom_3\\.venv\\Lib\\site-packages\\selenium\\webdriver\\support\\wait.py\", line 105, in until\n    raise TimeoutException(message, screen, stacktrace)\n"}, "start": 1719527519897, "stop": 1719527550192}], "parameters": [{"name": "driver", "value": "'Firefox'"}], "start": 1719527515934, "stop": 1719527550194, "uuid": "f7aa5641-497a-4f1a-8236-aab78b4b871f", "historyId": "fda47d658ec30ae6af295080a1ee2f9a", "testCaseId": "4ec0268ff6c807bffd5bb6d374d8461a", "fullName": "tests.test_order_feed.TestFeedOrder#test_user_orders_history_on_order_feed", "labels": [{"name": "parentSuite", "value": "tests"}, {"name": "suite", "value": "test_order_feed"}, {"name": "subSuite", "value": "TestFeedOrder"}, {"name": "host", "value": "LAP-BONKOVSKI"}, {"name": "thread", "value": "24124-MainThread"}, {"name": "framework", "value": "pytest"}, {"name": "language", "value": "cpython3"}, {"name": "package", "value": "tests.test_order_feed"}]}